<?xml version='1.0' encoding='UTF-8' ?>
<testsuite name="org.owntracks.android.e2e.ContactActivityTests" tests="26" failures="3" errors="0" skipped="1" time="1500.388" timestamp="2021-12-20T02:32:39" hostname="localhost">
  <properties>
    <property name="device" value="XT1097 - 10" />
    <property name="flavor" value="debugAndroidTest" />
    <property name="project" value="app" />
  </properties>
  <testcase name="testClickingOnContactLoadsContactOnMap" classname="org.owntracks.android.e2e.ContactActivityTests" time="109.924">
    <failure>com.schibsted.spain.barista.internal.failurehandler.BaristaException: Could not perform action single click on view with id is &lt;2131296592&gt;
at com.schibsted.spain.barista.internal.failurehandler.SpyFailureHandler.resendFirstError(SpyFailureHandler.kt:25)
at com.schibsted.spain.barista.internal.PerformActionKt.performActionOnView(PerformAction.kt:50)
at com.schibsted.spain.barista.internal.PerformActionKt.performAction(PerformAction.kt:26)
at com.schibsted.spain.barista.interaction.BaristaClickInteractions.clickOn(BaristaClickInteractions.kt:19)
at org.owntracks.android.ui.preferences.ClickOnPreferenceKt.clickOnAndWait(clickOnPreference.kt:8)
at org.owntracks.android.e2e.ContactActivityTests.testClickingOnContactLoadsContactOnMap(ContactActivityTests.kt:98)
at java.lang.reflect.Method.invoke(Native Method)
at org.junit.runners.model.FrameworkMethod$1.runReflectiveCall(FrameworkMethod.java:59)
at org.junit.internal.runners.model.ReflectiveCallable.run(ReflectiveCallable.java:12)
at org.junit.runners.model.FrameworkMethod.invokeExplosively(FrameworkMethod.java:56)
at org.junit.internal.runners.statements.InvokeMethod.evaluate(InvokeMethod.java:17)
at androidx.test.internal.runner.junit4.statement.RunBefores.evaluate(RunBefores.java:80)
at androidx.test.internal.runner.junit4.statement.RunAfters.evaluate(RunAfters.java:61)
at org.junit.rules.TestWatcher$1.evaluate(TestWatcher.java:61)
at androidx.test.rule.ActivityTestRule$ActivityStatement.evaluate(ActivityTestRule.java:549)
at org.junit.rules.RunRules.evaluate(RunRules.java:20)
at com.schibsted.spain.barista.rule.cleardata.ClearFilesRule$apply$1.evaluate(ClearFilesRule.kt:25)
at com.schibsted.spain.barista.rule.cleardata.ClearDatabaseRule$apply$1.evaluate(ClearDatabaseRule.kt:31)
at com.schibsted.spain.barista.rule.cleardata.ClearPreferencesRule$1.evaluate(ClearPreferencesRule.java:26)
at androidx.test.rule.ActivityTestRule$ActivityStatement.evaluate(ActivityTestRule.java:549)
at com.schibsted.spain.barista.rule.flaky.internal.AllowFlakyStatement.evaluate(AllowFlakyStatement.java:27)
at org.junit.rules.RunRules.evaluate(RunRules.java:20)
at androidx.test.rule.GrantPermissionRule$RequestPermissionStatement.evaluate(GrantPermissionRule.java:134)
at org.junit.runners.ParentRunner$3.evaluate(ParentRunner.java:306)
at org.junit.runners.BlockJUnit4ClassRunner$1.evaluate(BlockJUnit4ClassRunner.java:100)
at org.junit.runners.ParentRunner.runLeaf(ParentRunner.java:366)
at org.junit.runners.BlockJUnit4ClassRunner.runChild(BlockJUnit4ClassRunner.java:103)
at org.junit.runners.BlockJUnit4ClassRunner.runChild(BlockJUnit4ClassRunner.java:63)
at org.junit.runners.ParentRunner$4.run(ParentRunner.java:331)
at org.junit.runners.ParentRunner$1.schedule(ParentRunner.java:79)
at org.junit.runners.ParentRunner.runChildren(ParentRunner.java:329)
at org.junit.runners.ParentRunner.access$100(ParentRunner.java:66)
at org.junit.runners.ParentRunner$2.evaluate(ParentRunner.java:293)
at org.junit.internal.runners.statements.RunBefores.evaluate(RunBefores.java:26)
at org.junit.runners.ParentRunner$3.evaluate(ParentRunner.java:306)
at org.junit.runners.ParentRunner.run(ParentRunner.java:413)
at androidx.test.ext.junit.runners.AndroidJUnit4.run(AndroidJUnit4.java:154)
at org.junit.runners.Suite.runChild(Suite.java:128)
at org.junit.runners.Suite.runChild(Suite.java:27)
at org.junit.runners.ParentRunner$4.run(ParentRunner.java:331)
at org.junit.runners.ParentRunner$1.schedule(ParentRunner.java:79)
at org.junit.runners.ParentRunner.runChildren(ParentRunner.java:329)
at org.junit.runners.ParentRunner.access$100(ParentRunner.java:66)
at org.junit.runners.ParentRunner$2.evaluate(ParentRunner.java:293)
at org.junit.runners.ParentRunner$3.evaluate(ParentRunner.java:306)
at org.junit.runners.ParentRunner.run(ParentRunner.java:413)
at org.junit.runner.JUnitCore.run(JUnitCore.java:137)
at org.junit.runner.JUnitCore.run(JUnitCore.java:115)
at androidx.test.internal.runner.TestExecutor.execute(TestExecutor.java:56)
at androidx.test.runner.AndroidJUnitRunner.onStart(AndroidJUnitRunner.java:395)
at android.app.Instrumentation$InstrumentationThread.run(Instrumentation.java:2196)
Caused by: androidx.test.espresso.IdlingResourceTimeoutException: Wait for [locationIdlingResource] to become idle timed out
at androidx.test.espresso.IdlingPolicy.handleTimeout(IdlingPolicy.java:16)
at androidx.test.espresso.base.UiControllerImpl$5.resourcesHaveTimedOut(UiControllerImpl.java:4)
at androidx.test.espresso.base.IdlingResourceRegistry$Dispatcher.handleTimeout(IdlingResourceRegistry.java:44)
at androidx.test.espresso.base.IdlingResourceRegistry$Dispatcher.handleMessage(IdlingResourceRegistry.java:12)
at android.os.Handler.dispatchMessage(Handler.java:103)
at androidx.test.espresso.base.Interrogator.loopAndInterrogate(Interrogator.java:53)
at androidx.test.espresso.base.UiControllerImpl.loopUntil(UiControllerImpl.java:155)
at androidx.test.espresso.base.UiControllerImpl.loopMainThreadUntilIdle(UiControllerImpl.java:129)
at androidx.test.espresso.ViewInteraction.doPerform(ViewInteraction.java:47)
at androidx.test.espresso.ViewInteraction.access$100(ViewInteraction.java:15)
at androidx.test.espresso.ViewInteraction$1.call(ViewInteraction.java:3)
at androidx.test.espresso.ViewInteraction$1.call(ViewInteraction.java:2)
at java.util.concurrent.FutureTask.run(FutureTask.java:266)
at android.os.Handler.handleCallback(Handler.java:883)
at android.os.Handler.dispatchMessage(Handler.java:100)
at android.os.Looper.loop(Looper.java:214)
at android.app.ActivityThread.main(ActivityThread.java:7356)
at java.lang.reflect.Method.invoke(Native Method)
at com.android.internal.os.RuntimeInit$MethodAndArgsCaller.run(RuntimeInit.java:491)
at com.android.internal.os.ZygoteInit.main(ZygoteInit.java:930)
</failure>
  </testcase>
  <testcase name="loadActivityShowsErrorWhenLoadingFromInlineConfigURLContaninigInvalidBase64" classname="org.owntracks.android.ui.LoadActivityTests" time="6.758" />
  <testcase name="loadActivityCanLoadConfigFromContentURL" classname="org.owntracks.android.ui.LoadActivityTests" time="0.706">
    <failure>java.lang.IllegalStateException: Failed to build unique file: /storage/emulated/0/Download espresso-testconfig.otrc application/octet-stream
at android.os.Parcel.createException(Parcel.java:2079)
at android.os.Parcel.readException(Parcel.java:2039)
at android.database.DatabaseUtils.readExceptionFromParcel(DatabaseUtils.java:188)
at android.database.DatabaseUtils.readExceptionFromParcel(DatabaseUtils.java:140)
at android.content.ContentProviderProxy.insert(ContentProviderNative.java:481)
at android.content.ContentResolver.insert(ContentResolver.java:1828)
at org.owntracks.android.ui.LoadActivityTests.loadActivityCanLoadConfigFromContentURL(LoadActivityTests.kt:188)
at java.lang.reflect.Method.invoke(Native Method)
at org.junit.runners.model.FrameworkMethod$1.runReflectiveCall(FrameworkMethod.java:59)
at org.junit.internal.runners.model.ReflectiveCallable.run(ReflectiveCallable.java:12)
at org.junit.runners.model.FrameworkMethod.invokeExplosively(FrameworkMethod.java:56)
at org.junit.internal.runners.statements.InvokeMethod.evaluate(InvokeMethod.java:17)
at androidx.test.internal.runner.junit4.statement.RunAfters.evaluate(RunAfters.java:61)
at org.junit.rules.TestWatcher$1.evaluate(TestWatcher.java:61)
at androidx.test.rule.ActivityTestRule$ActivityStatement.evaluate(ActivityTestRule.java:549)
at org.junit.rules.RunRules.evaluate(RunRules.java:20)
at com.schibsted.spain.barista.rule.cleardata.ClearFilesRule$apply$1.evaluate(ClearFilesRule.kt:25)
at com.schibsted.spain.barista.rule.cleardata.ClearDatabaseRule$apply$1.evaluate(ClearDatabaseRule.kt:31)
at com.schibsted.spain.barista.rule.cleardata.ClearPreferencesRule$1.evaluate(ClearPreferencesRule.java:26)
at androidx.test.rule.ActivityTestRule$ActivityStatement.evaluate(ActivityTestRule.java:549)
at com.schibsted.spain.barista.rule.flaky.internal.AllowFlakyStatement.evaluate(AllowFlakyStatement.java:27)
at org.junit.rules.RunRules.evaluate(RunRules.java:20)
at androidx.test.rule.GrantPermissionRule$RequestPermissionStatement.evaluate(GrantPermissionRule.java:134)
at org.junit.runners.ParentRunner$3.evaluate(ParentRunner.java:306)
at org.junit.runners.BlockJUnit4ClassRunner$1.evaluate(BlockJUnit4ClassRunner.java:100)
at org.junit.runners.ParentRunner.runLeaf(ParentRunner.java:366)
at org.junit.runners.BlockJUnit4ClassRunner.runChild(BlockJUnit4ClassRunner.java:103)
at org.junit.runners.BlockJUnit4ClassRunner.runChild(BlockJUnit4ClassRunner.java:63)
at org.junit.runners.ParentRunner$4.run(ParentRunner.java:331)
at org.junit.runners.ParentRunner$1.schedule(ParentRunner.java:79)
at org.junit.runners.ParentRunner.runChildren(ParentRunner.java:329)
at org.junit.runners.ParentRunner.access$100(ParentRunner.java:66)
at org.junit.runners.ParentRunner$2.evaluate(ParentRunner.java:293)
at org.junit.internal.runners.statements.RunBefores.evaluate(RunBefores.java:26)
at org.junit.runners.ParentRunner$3.evaluate(ParentRunner.java:306)
at org.junit.runners.ParentRunner.run(ParentRunner.java:413)
at androidx.test.ext.junit.runners.AndroidJUnit4.run(AndroidJUnit4.java:154)
at org.junit.runners.Suite.runChild(Suite.java:128)
at org.junit.runners.Suite.runChild(Suite.java:27)
at org.junit.runners.ParentRunner$4.run(ParentRunner.java:331)
at org.junit.runners.ParentRunner$1.schedule(ParentRunner.java:79)
at org.junit.runners.ParentRunner.runChildren(ParentRunner.java:329)
at org.junit.runners.ParentRunner.access$100(ParentRunner.java:66)
at org.junit.runners.ParentRunner$2.evaluate(ParentRunner.java:293)
at org.junit.runners.ParentRunner$3.evaluate(ParentRunner.java:306)
at org.junit.runners.ParentRunner.run(ParentRunner.java:413)
at org.junit.runner.JUnitCore.run(JUnitCore.java:137)
at org.junit.runner.JUnitCore.run(JUnitCore.java:115)
at androidx.test.internal.runner.TestExecutor.execute(TestExecutor.java:56)
at androidx.test.runner.AndroidJUnitRunner.onStart(AndroidJUnitRunner.java:395)
at android.app.Instrumentation$InstrumentationThread.run(Instrumentation.java:2196)
</failure>
  </testcase>
  <testcase name="loadActivityShowsErrorWhenLoadingFromInlineConfigURLContaninigInvalidJSON" classname="org.owntracks.android.ui.LoadActivityTests" time="6.656" />
  <testcase name="loadActivityErrorsCorrectlyFromInvalidContentURL" classname="org.owntracks.android.ui.LoadActivityTests" time="6.656" />
  <testcase name="loadActivityCanLoadConfigFromFileURL" classname="org.owntracks.android.ui.LoadActivityTests" time="7.009" />
  <testcase name="loadActivityCanLoadConfigFromOwntracksRemoteURL" classname="org.owntracks.android.ui.LoadActivityTests" time="8.95" />
  <testcase name="loadActivityCanLoadConfigFromOwntracksInlineConfigURL" classname="org.owntracks.android.ui.LoadActivityTests" time="7.009" />
  <testcase name="loadActivityShowsErrorTryingToLoadNotFoundRemoteUrl" classname="org.owntracks.android.ui.LoadActivityTests" time="8.949" />
  <testcase name="logViewerActivityShowsTitle" classname="org.owntracks.android.ui.LogViewerActivityTests" time="12.227" />
  <testcase name="logViewerActivityExportFiresIntent" classname="org.owntracks.android.ui.LogViewerActivityTests" time="25.415">
    <failure>Test instrumentation process crashed. Check org.owntracks.android.ui.PreferencesActivityTests#configurationManagementCanEditAStringType.txt for details
</failure>
  </testcase>
  <testcase name="configurationManagementCanEditABooleanType" classname="org.owntracks.android.ui.PreferencesActivityTests" time="11.848" />
  <testcase name="sourceLinkOpensSite" classname="org.owntracks.android.ui.PreferencesActivityTests" time="8.623" />
  <testcase name="configurationManagementCanEditASetType" classname="org.owntracks.android.ui.PreferencesActivityTests" time="12.428" />
  <testcase name="documentationLinkOpensSite" classname="org.owntracks.android.ui.PreferencesActivityTests" time="9.177" />
  <testcase name="librariesLinkListsLibraries" classname="org.owntracks.android.ui.PreferencesActivityTests" time="8.8" />
  <testcase name="twitterLinkOpensSite" classname="org.owntracks.android.ui.PreferencesActivityTests" time="8.801" />
  <testcase name="settingSimpleHTTPConfigSettingsCanBeExported" classname="org.owntracks.android.ui.PreferencesActivityTests" time="43.34" />
  <testcase name="initialViewShowsTopLevelMenu" classname="org.owntracks.android.ui.PreferencesActivityTests" time="7.563" />
  <testcase name="statusActivityShowsLogsLauncher" classname="org.owntracks.android.ui.StatusActivityTests" time="7.133" />
  <testcase name="statusActivityShowsEndpointState" classname="org.owntracks.android.ui.StatusActivityTests" time="7.081" />
  <testcase name="aaa_onFirstStartTheWelcomeActivityIsLoadedAndCanBeClickedThroughToTheEnd" classname="org.owntracks.android.ui.map.MapActivityTests" time="0.001">
    <skipped />
  </testcase>
  <testcase name="modeButtonOnMapActivityCyclesThroughModes" classname="org.owntracks.android.ui.map.MapActivityTests" time="15.983" />
  <testcase name="preferencesActivityCanBeLaunchedFromMapActivityDrawer" classname="org.owntracks.android.ui.map.MapActivityTests" time="17.594" />
  <testcase name="statusActivityCanBeLaunchedFromMapActivityDrawer" classname="org.owntracks.android.ui.map.MapActivityTests" time="17.67" />
  <testcase name="welcomeActivityShouldNotRunWhenFirstStartPreferencesSet" classname="org.owntracks.android.ui.map.MapActivityTests" time="10.009" />
</testsuite>